<?xml version="1.0" encoding="UTF-8"?>
<!-- Generated by org.testng.reporters.JUnitReportReporter -->
<testsuite hostname="DESKTOP-UUTK1KU" failures="0" tests="1" name="sportyshoes.teststeps.TestRunner" time="20.045" errors="0" timestamp="2023-08-24T23:14:50 IST" skipped="0">
  <testcase classname="sportyshoes.teststeps.TestRunner" name="runScenario" time="20.045"/>
  <system-out/>
</testsuite> <!-- sportyshoes.teststeps.TestRunner -->
