<?xml version="1.0" encoding="UTF-8"?>
<!-- Generated by org.testng.reporters.JUnitReportReporter -->
<testsuite hostname="DESKTOP-UUTK1KU" failures="0" tests="4" name="capstoneproject.SportyShoes" time="5.165" errors="0" timestamp="2023-08-25T00:25:00 IST" skipped="0">
  <testcase classname="capstoneproject.SportyShoes" name="createPayLoad" time="1.846"/>
  <system-out/>
  <testcase classname="capstoneproject.SportyShoes" name="RetriveAllProdList" time="2.251"/>
  <system-out/>
  <testcase classname="capstoneproject.SportyShoes" name="RetriveAllRegUsersList" time="0.037"/>
  <system-out/>
  <testcase classname="capstoneproject.SportyShoes" name="AddTheProduct" time="1.031"/>
  <system-out/>
</testsuite> <!-- capstoneproject.SportyShoes -->
