<?xml version="1.0" encoding="UTF-8"?>
<!-- Generated by org.testng.reporters.JUnitReportReporter -->
<testsuite hostname="DESKTOP-UUTK1KU" failures="0" tests="1" name="sportyshoes.teststeps.BuySportyShoesTest" time="6.578" errors="0" timestamp="2023-08-25T00:08:54 IST" skipped="0">
  <testcase classname="sportyshoes.teststeps.BuySportyShoesTest" name="buyShoes" time="6.578"/>
  <system-out/>
</testsuite> <!-- sportyshoes.teststeps.BuySportyShoesTest -->
